# JRE version: 7.0_25-b15
# Java VM: Java HotSpot(TM) 64-Bit Server VM (23.25-b01 mixed mode bsd-amd64 compressed oops)
Heap
 PSYoungGen      total 273536K, used 42849K [0x00000007eaab0000, 0x00000007fd5d0000, 0x0000000800000000)
  eden space 243392K, 17% used [0x00000007eaab0000,0x00000007ed4887e8,0x00000007f9860000)
  from space 30144K, 0% used [0x00000007f9860000,0x00000007f9860000,0x00000007fb5d0000)
  to   space 30848K, 0% used [0x00000007fb7b0000,0x00000007fb7b0000,0x00000007fd5d0000)
 ParOldGen       total 87424K, used 40395K [0x00000007c0000000, 0x00000007c5560000, 0x00000007eaab0000)
  object space 87424K, 46% used [0x00000007c0000000,0x00000007c2772ef8,0x00000007c5560000)
 PSPermGen       total 83968K, used 50512K [0x00000007bae00000, 0x00000007c0000000, 0x00000007c0000000)
  object space 83968K, 60% used [0x00000007bae00000,0x00000007bdf542f8,0x00000007c0000000)
GC Heap History (10 events):
Event: 203.070 GC heap before
{Heap before GC invocations=10 (full 1):
 PSYoungGen      total 273536K, used 19356K [0x00000007eaab0000, 0x00000007fd210000, 0x0000000800000000)
  eden space 244544K, 0% used [0x00000007eaab0000,0x00000007eaab0000,0x00000007f9980000)
  from space 28992K, 66% used [0x00000007f9980000,0x00000007fac67128,0x00000007fb5d0000)
  to   space 28928K, 0% used [0x00000007fb5d0000,0x00000007fb5d0000,0x00000007fd210000)
 ParOldGen       total 87424K, used 55864K [0x00000007c0000000, 0x00000007c5560000, 0x00000007eaab0000)
  object space 87424K, 63% used [0x00000007c0000000,0x00000007c368e030,0x00000007c5560000)
 PSPermGen       total 49664K, used 49496K [0x00000007bae00000, 0x00000007bde80000, 0x00000007c0000000)
  object space 49664K, 99% used [0x00000007bae00000,0x00000007bde561a0,0x00000007bde80000)
Event: 203.367 GC heap after
Heap after GC invocations=10 (full 1):
 PSYoungGen      total 273536K, used 0K [0x00000007eaab0000, 0x00000007fd210000, 0x0000000800000000)
  eden space 244544K, 0% used [0x00000007eaab0000,0x00000007eaab0000,0x00000007f9980000)
  from space 28992K, 0% used [0x00000007f9980000,0x00000007f9980000,0x00000007fb5d0000)
  to   space 28928K, 0% used [0x00000007fb5d0000,0x00000007fb5d0000,0x00000007fd210000)
 ParOldGen       total 87424K, used 57259K [0x00000007c0000000, 0x00000007c5560000, 0x00000007eaab0000)
  object space 87424K, 65% used [0x00000007c0000000,0x00000007c37eae40,0x00000007c5560000)
 PSPermGen       total 83968K, used 49476K [0x00000007bae00000, 0x00000007c0000000, 0x00000007c0000000)
  object space 83968K, 58% used [0x00000007bae00000,0x00000007bde51048,0x00000007c0000000)
}
Event: 263.034 GC heap before
{Heap before GC invocations=11 (full 1):
 PSYoungGen      total 273536K, used 113982K [0x00000007eaab0000, 0x00000007fd210000, 0x0000000800000000)
  eden space 244544K, 46% used [0x00000007eaab0000,0x00000007f19ffa18,0x00000007f9980000)
  from space 28992K, 0% used [0x00000007f9980000,0x00000007f9980000,0x00000007fb5d0000)
  to   space 28928K, 0% used [0x00000007fb5d0000,0x00000007fb5d0000,0x00000007fd210000)
 ParOldGen       total 87424K, used 57259K [0x00000007c0000000, 0x00000007c5560000, 0x00000007eaab0000)
  object space 87424K, 65% used [0x00000007c0000000,0x00000007c37eae40,0x00000007c5560000)
 PSPermGen       total 83968K, used 49781K [0x00000007bae00000, 0x00000007c0000000, 0x00000007c0000000)
  object space 83968K, 59% used [0x00000007bae00000,0x00000007bde9d5a8,0x00000007c0000000)
Event: 263.040 GC heap after
Heap after GC invocations=11 (full 1):
 PSYoungGen      total 272320K, used 1888K [0x00000007eaab0000, 0x00000007fd470000, 0x0000000800000000)
  eden space 243392K, 0% used [0x00000007eaab0000,0x00000007eaab0000,0x00000007f9860000)
  from space 28928K, 6% used [0x00000007fb5d0000,0x00000007fb7a8010,0x00000007fd210000)
  to   space 30144K, 0% used [0x00000007f9860000,0x00000007f9860000,0x00000007fb5d0000)
 ParOldGen       total 87424K, used 57259K [0x00000007c0000000, 0x00000007c5560000, 0x00000007eaab0000)
  object space 87424K, 65% used [0x00000007c0000000,0x00000007c37eae40,0x00000007c5560000)
 PSPermGen       total 83968K, used 49781K [0x00000007bae00000, 0x00000007c0000000, 0x00000007c0000000)
  object space 83968K, 59% used [0x00000007bae00000,0x00000007bde9d5a8,0x00000007c0000000)
}
Event: 263.040 GC heap before
{Heap before GC invocations=12 (full 2):
 PSYoungGen      total 272320K, used 1888K [0x00000007eaab0000, 0x00000007fd470000, 0x0000000800000000)
  eden space 243392K, 0% used [0x00000007eaab0000,0x00000007eaab0000,0x00000007f9860000)
  from space 28928K, 6% used [0x00000007fb5d0000,0x00000007fb7a8010,0x00000007fd210000)
  to   space 30144K, 0% used [0x00000007f9860000,0x00000007f9860000,0x00000007fb5d0000)
 ParOldGen       total 87424K, used 57259K [0x00000007c0000000, 0x00000007c5560000, 0x00000007eaab0000)
  object space 87424K, 65% used [0x00000007c0000000,0x00000007c37eae40,0x00000007c5560000)
 PSPermGen       total 83968K, used 49781K [0x00000007bae00000, 0x00000007c0000000, 0x00000007c0000000)
  object space 83968K, 59% used [0x00000007bae00000,0x00000007bde9d5a8,0x00000007c0000000)
Event: 263.194 GC heap after
Heap after GC invocations=12 (full 2):
 PSYoungGen      total 272320K, used 0K [0x00000007eaab0000, 0x00000007fd470000, 0x0000000800000000)
  eden space 243392K, 0% used [0x00000007eaab0000,0x00000007eaab0000,0x00000007f9860000)
  from space 28928K, 0% used [0x00000007fb5d0000,0x00000007fb5d0000,0x00000007fd210000)
  to   space 30144K, 0% used [0x00000007f9860000,0x00000007f9860000,0x00000007fb5d0000)
 ParOldGen       total 87424K, used 40165K [0x00000007c0000000, 0x00000007c5560000, 0x00000007eaab0000)
  object space 87424K, 45% used [0x00000007c0000000,0x00000007c2739438,0x00000007c5560000)
 PSPermGen       total 83968K, used 49780K [0x00000007bae00000, 0x00000007c0000000, 0x00000007c0000000)
  object space 83968K, 59% used [0x00000007bae00000,0x00000007bde9d028,0x00000007c0000000)
}
Event: 323.034 GC heap before
{Heap before GC invocations=13 (full 2):
 PSYoungGen      total 272320K, used 96163K [0x00000007eaab0000, 0x00000007fd470000, 0x0000000800000000)
  eden space 243392K, 39% used [0x00000007eaab0000,0x00000007f0898d60,0x00000007f9860000)
  from space 28928K, 0% used [0x00000007fb5d0000,0x00000007fb5d0000,0x00000007fd210000)
  to   space 30144K, 0% used [0x00000007f9860000,0x00000007f9860000,0x00000007fb5d0000)
 ParOldGen       total 87424K, used 40165K [0x00000007c0000000, 0x00000007c5560000, 0x00000007eaab0000)
  object space 87424K, 45% used [0x00000007c0000000,0x00000007c2739438,0x00000007c5560000)
 PSPermGen       total 83968K, used 49965K [0x00000007bae00000, 0x00000007c0000000, 0x00000007c0000000)
  object space 83968K, 59% used [0x00000007bae00000,0x00000007bdecb718,0x00000007c0000000)
Event: 323.052 GC heap after
Heap after GC invocations=13 (full 2):
 PSYoungGen      total 273536K, used 2083K [0x00000007eaab0000, 0x00000007fd5d0000, 0x0000000800000000)
  eden space 243392K, 0% used [0x00000007eaab0000,0x00000007eaab0000,0x00000007f9860000)
  from space 30144K, 6% used [0x00000007f9860000,0x00000007f9a68c28,0x00000007fb5d0000)
  to   space 30848K, 0% used [0x00000007fb7b0000,0x00000007fb7b0000,0x00000007fd5d0000)
 ParOldGen       total 87424K, used 40165K [0x00000007c0000000, 0x00000007c5560000, 0x00000007eaab0000)
  object space 87424K, 45% used [0x00000007c0000000,0x00000007c2739438,0x00000007c5560000)
 PSPermGen       total 83968K, used 49965K [0x00000007bae00000, 0x00000007c0000000, 0x00000007c0000000)
  object space 83968K, 59% used [0x00000007bae00000,0x00000007bdecb718,0x00000007c0000000)
}
Event: 323.052 GC heap before
{Heap before GC invocations=14 (full 3):
 PSYoungGen      total 273536K, used 2083K [0x00000007eaab0000, 0x00000007fd5d0000, 0x0000000800000000)
  eden space 243392K, 0% used [0x00000007eaab0000,0x00000007eaab0000,0x00000007f9860000)
  from space 30144K, 6% used [0x00000007f9860000,0x00000007f9a68c28,0x00000007fb5d0000)
  to   space 30848K, 0% used [0x00000007fb7b0000,0x00000007fb7b0000,0x00000007fd5d0000)
 ParOldGen       total 87424K, used 40165K [0x00000007c0000000, 0x00000007c5560000, 0x00000007eaab0000)
  object space 87424K, 45% used [0x00000007c0000000,0x00000007c2739438,0x00000007c5560000)
 PSPermGen       total 83968K, used 49965K [0x00000007bae00000, 0x00000007c0000000, 0x00000007c0000000)
  object space 83968K, 59% used [0x00000007bae00000,0x00000007bdecb718,0x00000007c0000000)
Event: 323.202 GC heap after
Heap after GC invocations=14 (full 3):
 PSYoungGen      total 273536K, used 0K [0x00000007eaab0000, 0x00000007fd5d0000, 0x0000000800000000)
  eden space 243392K, 0% used [0x00000007eaab0000,0x00000007eaab0000,0x00000007f9860000)
  from space 30144K, 0% used [0x00000007f9860000,0x00000007f9860000,0x00000007fb5d0000)
  to   space 30848K, 0% used [0x00000007fb7b0000,0x00000007fb7b0000,0x00000007fd5d0000)
 ParOldGen       total 87424K, used 40395K [0x00000007c0000000, 0x00000007c5560000, 0x00000007eaab0000)
  object space 87424K, 46% used [0x00000007c0000000,0x00000007c2772ef8,0x00000007c5560000)
 PSPermGen       total 83968K, used 49965K [0x00000007bae00000, 0x00000007c0000000, 0x00000007c0000000)
  object space 83968K, 59% used [0x00000007bae00000,0x00000007bdecb4f8,0x00000007c0000000)
}

